Release 14.7 Map P.20131013 (nt64)
Xilinx Mapping Report File for Design 'topModule'

Design Information
------------------
Command Line   : map -intstyle ise -p xc7a100t-csg324-1 -w -logic_opt off -ol
high -t 1 -xt 0 -register_duplication off -r 4 -mt off -ir off -pr off -lc off
-power off -o topModule_map.ncd topModule.ngd topModule.pcf 
Target Device  : xc7a100t
Target Package : csg324
Target Speed   : -1
Mapper Version : artix7 -- $Revision: 1.55 $
Mapped Date    : Mon Dec 23 15:30:29 2019

Design Summary
--------------
Number of errors:      0
Number of warnings:   32
Slice Logic Utilization:
  Number of Slice Registers:                   163 out of 126,800    1%
    Number used as Flip Flops:                 108
    Number used as Latches:                     54
    Number used as Latch-thrus:                  0
    Number used as AND/OR logics:                1
  Number of Slice LUTs:                      1,175 out of  63,400    1%
    Number used as logic:                    1,130 out of  63,400    1%
      Number using O6 output only:           1,026
      Number using O5 output only:              22
      Number using O5 and O6:                   82
      Number used as ROM:                        0
    Number used as Memory:                       7 out of  19,000    1%
      Number used as Dual Port RAM:              0
      Number used as Single Port RAM:            0
      Number used as Shift Register:             7
        Number using O6 output only:             7
        Number using O5 output only:             0
        Number using O5 and O6:                  0
    Number used exclusively as route-thrus:     38
      Number with same-slice register load:      2
      Number with same-slice carry load:         3
      Number with other load:                   33

Slice Logic Distribution:
  Number of occupied Slices:                   391 out of  15,850    2%
  Number of LUT Flip Flop pairs used:        1,209
    Number with an unused Flip Flop:         1,046 out of   1,209   86%
    Number with an unused LUT:                  34 out of   1,209    2%
    Number of fully used LUT-FF pairs:         129 out of   1,209   10%
    Number of unique control sets:              14
    Number of slice register sites lost
      to control set restrictions:              63 out of 126,800    1%

  A LUT Flip Flop pair for this architecture represents one LUT paired with
  one Flip Flop within a slice.  A control set is a unique combination of
  clock, reset, set, and enable signals for a registered element.
  The Slice Logic Distribution report is not meaningful if the design is
  over-mapped for a non-slice resource or if Placement fails.
  OVERMAPPING of BRAM resources should be ignored if the design is
  over-mapped for a non-BRAM resource or if placement fails.

IO Utilization:
  Number of bonded IOBs:                        20 out of     210    9%
    Number of LOCed IOBs:                       20 out of      20  100%

Specific Feature Utilization:
  Number of RAMB36E1/FIFO36E1s:                  0 out of     135    0%
  Number of RAMB18E1/FIFO18E1s:                  0 out of     270    0%
  Number of BUFG/BUFGCTRLs:                      3 out of      32    9%
    Number used as BUFGs:                        3
    Number used as BUFGCTRLs:                    0
  Number of IDELAYE2/IDELAYE2_FINEDELAYs:        0 out of     300    0%
  Number of ILOGICE2/ILOGICE3/ISERDESE2s:        0 out of     300    0%
  Number of ODELAYE2/ODELAYE2_FINEDELAYs:        0
  Number of OLOGICE2/OLOGICE3/OSERDESE2s:        0 out of     300    0%
  Number of PHASER_IN/PHASER_IN_PHYs:            0 out of      24    0%
  Number of PHASER_OUT/PHASER_OUT_PHYs:          0 out of      24    0%
  Number of BSCANs:                              0 out of       4    0%
  Number of BUFHCEs:                             0 out of      96    0%
  Number of BUFRs:                               0 out of      24    0%
  Number of CAPTUREs:                            0 out of       1    0%
  Number of DNA_PORTs:                           0 out of       1    0%
  Number of DSP48E1s:                            2 out of     240    1%
  Number of EFUSE_USRs:                          0 out of       1    0%
  Number of FRAME_ECCs:                          0 out of       1    0%
  Number of IBUFDS_GTE2s:                        0 out of       4    0%
  Number of ICAPs:                               0 out of       2    0%
  Number of IDELAYCTRLs:                         0 out of       6    0%
  Number of IN_FIFOs:                            0 out of      24    0%
  Number of MMCME2_ADVs:                         0 out of       6    0%
  Number of OUT_FIFOs:                           0 out of      24    0%
  Number of PCIE_2_1s:                           0 out of       1    0%
  Number of PHASER_REFs:                         0 out of       6    0%
  Number of PHY_CONTROLs:                        0 out of       6    0%
  Number of PLLE2_ADVs:                          0 out of       6    0%
  Number of STARTUPs:                            0 out of       1    0%
  Number of XADCs:                               0 out of       1    0%

Average Fanout of Non-Clock Nets:                6.13

Peak Memory Usage:  880 MB
Total REAL time to MAP completion:  29 secs 
Total CPU time to MAP completion:   28 secs 

Table of Contents
-----------------
Section 1 - Errors
Section 2 - Warnings
Section 3 - Informational
Section 4 - Removed Logic Summary
Section 5 - Removed Logic
Section 6 - IOB Properties
Section 7 - RPMs
Section 8 - Guide Report
Section 9 - Area Group and Partition Summary
Section 10 - Timing Report
Section 11 - Configuration String Information
Section 12 - Control Set Information
Section 13 - Utilization by Hierarchy

Section 1 - Errors
------------------

Section 2 - Warnings
--------------------
WARNING:Pack:2574 - The F7 multiplexer symbol "inst_LPM_MUX1802" and its I1
   input driver "inst_LPM_MUX2311_SW1" were implemented suboptimally in the same
   slice component. The function generator could not be placed directly driving
   the F7 multiplexer. The design will exhibit suboptimal timing.
WARNING:Pack:2143 - The function generator "inst_LPM_MUX2311_SW1" failed to
   merge with F7 multiplexer "inst_LPM_MUX912".  There are more than two MUXF7
   wide function muxes.
     The design will exhibit suboptimal timing.
WARNING:Pack:2143 - The function generator "inst_LPM_MUX2311_SW1" failed to
   merge with F7 multiplexer "inst_LPM_MUX1981".  There are more than two MUXF7
   wide function muxes.
     The design will exhibit suboptimal timing.
WARNING:Pack:2143 - The function generator "inst_LPM_MUX2311_SW1" failed to
   merge with F7 multiplexer "ramDataO<180>".  There are more than two MUXF7
   wide function muxes.
     The design will exhibit suboptimal timing.
WARNING:Pack:2573 - The F7 multiplexer symbol
   "Mmux_GND_6_o_X_6_o_Mux_26_o_11_f7" and its I0 input driver
   "ramDataOCheck<218>1" were implemented suboptimally in the same slice
   component. The function generator could not be placed directly driving the F7
   multiplexer. The design will exhibit suboptimal timing.
WARNING:Pack:2143 - The function generator "inst_LPM_MUX2311_SW1" failed to
   merge with F7 multiplexer "inst_LPM_MUX3411".  There are more than two MUXF7
   wide function muxes.
     The design will exhibit suboptimal timing.
WARNING:Pack:2574 - The F7 multiplexer symbol "inst_LPM_MUX822" and its I1 input
   driver "ramDataO<144>_SW1" were implemented suboptimally in the same slice
   component. The function generator could not be placed directly driving the F7
   multiplexer. The design will exhibit suboptimal timing.
WARNING:Pack:2143 - The function generator "inst_LPM_MUX2311_SW1" failed to
   merge with F7 multiplexer "inst_LPM_MUX1063".  There are more than two MUXF7
   wide function muxes.
     The design will exhibit suboptimal timing.
WARNING:Pack:2574 - The F7 multiplexer symbol
   "Mmux_posP1X[11]_X_6_o_Mux_60_o_15_f7_1" and its I1 input driver
   "ramDataO<219>1" were implemented suboptimally in the same slice component.
   The function generator could not be placed directly driving the F7
   multiplexer. The design will exhibit suboptimal timing.
WARNING:Pack:2143 - The function generator "ramDataOCheck<218>1" failed to merge
   with F7 multiplexer "Mmux_newp1POSX[11]_X_6_o_Mux_33_o_12_f7".  There are
   more than two MUXF7 wide function muxes.
     The design will exhibit suboptimal timing.
WARNING:Pack:2143 - The function generator "inst_LPM_MUX2311_SW1" failed to
   merge with F7 multiplexer "ramDataO<125>".  There are more than two MUXF7
   wide function muxes.
     The design will exhibit suboptimal timing.
WARNING:Pack:2143 - The function generator "inst_LPM_MUX2311_SW1" failed to
   merge with F7 multiplexer "ramDataO<121>".  There are more than two MUXF7
   wide function muxes.
     The design will exhibit suboptimal timing.
WARNING:Pack:2143 - The function generator "ramDataO<144>_SW1" failed to merge
   with F7 multiplexer "ramDataO<144>".  There are more than two MUXF7 wide
   function muxes.
     The design will exhibit suboptimal timing.
WARNING:Pack:2143 - The function generator "ramDataOCheck<218>1" failed to merge
   with F7 multiplexer "Mmux_GND_6_o_X_6_o_Mux_26_o_12_f7".  There are more than
   two MUXF7 wide function muxes.
     The design will exhibit suboptimal timing.
WARNING:Pack:2573 - The F7 multiplexer symbol
   "Mmux_posP1X[11]_X_6_o_Mux_60_o_15_f7_1" and its I0 input driver
   "ramDataO<219>1" were implemented suboptimally in the same slice component.
   The function generator could not be placed directly driving the F7
   multiplexer. The design will exhibit suboptimal timing.
WARNING:Pack:2574 - The F7 multiplexer symbol
   "Mmux_posP1X[11]_X_6_o_Mux_60_o_15_f7_1" and its I1 input driver
   "ramDataO<219>1" were implemented suboptimally in the same slice component.
   The function generator could not be placed directly driving the F7
   multiplexer. The design will exhibit suboptimal timing.
WARNING:Pack:2574 - The F7 multiplexer symbol
   "Mmux_posP1X[11]_X_6_o_Mux_60_o_12_f7" and its I1 input driver
   "ramDataO<219>1" were implemented suboptimally in the same slice component.
   The function generator could not be placed directly driving the F7
   multiplexer. The design will exhibit suboptimal timing.
WARNING:Pack:2143 - The function generator "ramDataOCheck<218>1" failed to merge
   with F7 multiplexer "Mmux_newp1POSX[11]_X_6_o_Mux_24_o_12_f7".  There are
   more than two MUXF7 wide function muxes.
     The design will exhibit suboptimal timing.
WARNING:Pack:2574 - The F7 multiplexer symbol
   "Mmux_GND_6_o_X_6_o_Mux_26_o_13_f7_6" and its I1 input driver
   "ramDataOCheck<158>2" were implemented suboptimally in the same slice
   component. The function generator could not be placed directly driving the F7
   multiplexer. The design will exhibit suboptimal timing.
WARNING:Pack:2143 - The function generator "inst_LPM_MUX2311_SW1" failed to
   merge with F7 multiplexer "inst_LPM_MUX2821".  There are more than two MUXF7
   wide function muxes.
     The design will exhibit suboptimal timing.
WARNING:Pack:2143 - The function generator "ramDataOCheck<218>1" failed to merge
   with F7 multiplexer "Mmux_newp1POSX[11]_X_6_o_Mux_33_o_11_f7".  There are
   more than two MUXF7 wide function muxes.
     The design will exhibit suboptimal timing.
WARNING:Pack:2143 - The function generator "inst_LPM_MUX2311_SW1" failed to
   merge with F7 multiplexer "inst_LPM_MUX3611".  There are more than two MUXF7
   wide function muxes.
     The design will exhibit suboptimal timing.
WARNING:Pack:2143 - The function generator "inst_LPM_MUX2311_SW1" failed to
   merge with F7 multiplexer "inst_LPM_MUX2021".  There are more than two MUXF7
   wide function muxes.
     The design will exhibit suboptimal timing.
WARNING:Pack:2143 - The function generator "inst_LPM_MUX2311_SW1" failed to
   merge with F7 multiplexer "inst_LPM_MUX2311".  There are more than two MUXF7
   wide function muxes.
     The design will exhibit suboptimal timing.
WARNING:Pack:2143 - The function generator "ramDataO<219>1" failed to merge with
   F7 multiplexer "Mmux_posP1X[11]_X_6_o_Mux_60_o_11_f7".  There are more than
   two MUXF7 wide function muxes.
     The design will exhibit suboptimal timing.
WARNING:Pack:2143 - The function generator "inst_LPM_MUX2311_SW1" failed to
   merge with F7 multiplexer "inst_LPM_MUX1792".  There are more than two MUXF7
   wide function muxes.
     The design will exhibit suboptimal timing.
WARNING:Pack:2143 - The function generator "inst_LPM_MUX2311_SW1" failed to
   merge with F7 multiplexer "inst_LPM_MUX1872".  There are more than two MUXF7
   wide function muxes.
     The design will exhibit suboptimal timing.
WARNING:Pack:2143 - The function generator "inst_LPM_MUX2311_SW1" failed to
   merge with F7 multiplexer "inst_LPM_MUX1882".  There are more than two MUXF7
   wide function muxes.
     The design will exhibit suboptimal timing.
WARNING:Pack:2143 - The function generator "inst_LPM_MUX2311_SW1" failed to
   merge with F7 multiplexer "inst_LPM_MUX1862".  There are more than two MUXF7
   wide function muxes.
     The design will exhibit suboptimal timing.
WARNING:Pack:2145 - The F7 mux "Mmux_GND_6_o_X_6_o_Mux_26_o_11_f7" failed to
   merge with F8 mux "Mmux_GND_6_o_X_6_o_Mux_26_o_10_f8".  There are more than
   two MUXF7 wide function muxes.
     The design will exhibit suboptimal timing.
WARNING:Pack:2145 - The F7 mux "Mmux_posP1X[11]_X_6_o_Mux_60_o_12_f7" failed to
   merge with F8 mux "Mmux_posP1X[11]_X_6_o_Mux_60_o_10_f8".  The top reasons
   for failure were:
   	-> F8MUX Mmux_posP1X[11]_X_6_o_Mux_60_o_10_f8 can not be placed in the F8MUX
   site because its I0 signal Mmux_posP1X[11]_X_6_o_Mux_60_o_12_f7 can not use
   the output of the F7BMUX. The signal Mmux_posP1X[11]_X_6_o_Mux_60_o_15_f72
   already uses the F7BMUX.
   	-> F8MUX Mmux_posP1X[11]_X_6_o_Mux_60_o_10_f8 can not be placed in the F8MUX
   site because its I1 signal Mmux_posP1X[11]_X_6_o_Mux_60_o_11_f7 can not use
   the output of the F7AMUX. The signal Mmux_posP1X[11]_X_6_o_Mux_60_o_15_f72
   already uses the F7AMUX.
   	-> A legal placement was never found for LUT symbol "inst_LPM_MUX1782_SW3".
   	-> The F7AMUX Mmux_posP1X[11]_X_6_o_Mux_60_o_12_f7 needs to use a
   route-through LUT but the O6 output of the A LUT is not available.
   	-> The F7AMUX Mmux_posP1X[11]_X_6_o_Mux_60_o_12_f7 needs to use a
   route-through LUT but the O6 output of the B LUT is not available.
   	-> The F7AMUX Mmux_posP1X[11]_X_6_o_Mux_60_o_15_f7_1 needs to use a
   route-through LUT but the O6 output of the A LUT is not available.
   	-> The F7AMUX Mmux_posP1X[11]_X_6_o_Mux_60_o_15_f7_1 needs to use a
   route-through LUT but the O6 output of the B LUT is not available.
   	-> The F7BMUX Mmux_posP1X[11]_X_6_o_Mux_60_o_12_f7 needs to use a
   route-through LUT but the O6 output of the C LUT is not available.
   	-> The F7BMUX Mmux_posP1X[11]_X_6_o_Mux_60_o_12_f7 needs to use a
   route-through LUT but the O6 output of the D LUT is not available.
   	-> The F7BMUX Mmux_posP1X[11]_X_6_o_Mux_60_o_15_f7_1 needs to use a
   route-through LUT but the O6 output of the C LUT is not available.
     The design will exhibit suboptimal timing.
WARNING:Pack:2145 - The F7 mux "Mmux_newp1POSX[11]_X_6_o_Mux_24_o_11_f7" failed
   to merge with F8 mux "Mmux_newp1POSX[11]_X_6_o_Mux_24_o_10_f8".  There are
   more than two MUXF7 wide function muxes.
     The design will exhibit suboptimal timing.

Section 3 - Informational
-------------------------
INFO:LIT:244 - All of the single ended outputs in this design are using slew
   rate limited output drivers. The delay on speed critical single ended outputs
   can be dramatically reduced by designating them as fast outputs.
INFO:Pack:1716 - Initializing temperature to 85.000 Celsius. (default - Range:
   0.000 to 85.000 Celsius)
INFO:Pack:1720 - Initializing voltage to 0.950 Volts. (default - Range: 0.950 to
   1.050 Volts)
INFO:Map:215 - The Interim Design Summary has been generated in the MAP Report
   (.mrp).
INFO:Pack:1650 - Map created a placed design.

Section 4 - Removed Logic Summary
---------------------------------
   1 block(s) removed
   2 block(s) optimized away
   1 signal(s) removed

Section 5 - Removed Logic
-------------------------

The trimmed logic reported below is either:
   1. part of a cycle
   2. part of disabled logic
   3. a side-effect of other trimmed logic

The signal "Madd_n0207_xor<5>11" is unused and has been removed.
 Unused block "Madd_n0207_xor<5>11_1" (ROM) removed.

Optimized Block(s):
TYPE 		BLOCK
GND 		XST_GND
VCC 		XST_VCC

To enable printing of redundant blocks removed and signals merged, set the
detailed map report option and rerun map.

Section 6 - IOB Properties
--------------------------

+---------------------------------------------------------------------------------------------------------------------------------------------------------+
| IOB Name                           | Type             | Direction | IO Standard          | Diff  | Drive    | Slew | Reg (s)      | Resistor | IOB      |
|                                    |                  |           |                      | Term  | Strength | Rate |              |          | Delay    |
+---------------------------------------------------------------------------------------------------------------------------------------------------------+
| btnD                               | IOB33            | INPUT     | LVCMOS33             |       |          |      |              |          |          |
| btnL                               | IOB33            | INPUT     | LVCMOS33             |       |          |      |              |          |          |
| btnR                               | IOB33            | INPUT     | LVCMOS33             |       |          |      |              |          |          |
| btnU                               | IOB33            | INPUT     | LVCMOS33             |       |          |      |              |          |          |
| clk                                | IOB33            | INPUT     | LVCMOS33             |       |          |      |              |          |          |
| hsync_o                            | IOB33            | OUTPUT    | LVCMOS33             |       | 12       | SLOW |              |          |          |
| reset                              | IOB33            | INPUT     | LVCMOS33             |       |          |      |              |          |          |
| vga_b<0>                           | IOB33            | OUTPUT    | LVCMOS33             |       | 12       | SLOW |              |          |          |
| vga_b<1>                           | IOB33            | OUTPUT    | LVCMOS33             |       | 12       | SLOW |              |          |          |
| vga_b<2>                           | IOB33            | OUTPUT    | LVCMOS33             |       | 12       | SLOW |              |          |          |
| vga_b<3>                           | IOB33            | OUTPUT    | LVCMOS33             |       | 12       | SLOW |              |          |          |
| vga_g<0>                           | IOB33            | OUTPUT    | LVCMOS33             |       | 12       | SLOW |              |          |          |
| vga_g<1>                           | IOB33            | OUTPUT    | LVCMOS33             |       | 12       | SLOW |              |          |          |
| vga_g<2>                           | IOB33            | OUTPUT    | LVCMOS33             |       | 12       | SLOW |              |          |          |
| vga_g<3>                           | IOB33            | OUTPUT    | LVCMOS33             |       | 12       | SLOW |              |          |          |
| vga_r<0>                           | IOB33            | OUTPUT    | LVCMOS33             |       | 12       | SLOW |              |          |          |
| vga_r<1>                           | IOB33            | OUTPUT    | LVCMOS33             |       | 12       | SLOW |              |          |          |
| vga_r<2>                           | IOB33            | OUTPUT    | LVCMOS33             |       | 12       | SLOW |              |          |          |
| vga_r<3>                           | IOB33            | OUTPUT    | LVCMOS33             |       | 12       | SLOW |              |          |          |
| vsync_o                            | IOB33            | OUTPUT    | LVCMOS33             |       | 12       | SLOW |              |          |          |
+---------------------------------------------------------------------------------------------------------------------------------------------------------+

Section 7 - RPMs
----------------

Section 8 - Guide Report
------------------------
Guide not run on this design.

Section 9 - Area Group and Partition Summary
--------------------------------------------

Partition Implementation Status
-------------------------------

  No Partitions were found in this design.

-------------------------------

Area Group Information
----------------------

  No area groups were found in this design.

----------------------

Section 10 - Timing Report
--------------------------
A logic-level (pre-route) timing report can be generated by using Xilinx static
timing analysis tools, Timing Analyzer (GUI) or TRCE (command line), with the
mapped NCD and PCF files. Please note that this timing report will be generated
using estimated delay information. For accurate numbers, please generate a
timing report with the post Place and Route NCD file.

For more information about the Timing Analyzer, consult the Xilinx Timing
Analyzer Reference Manual; for more information about TRCE, consult the Xilinx
Command Line Tools User Guide "TRACE" chapter.

Section 11 - Configuration String Details
-----------------------------------------
Use the "-detail" map option to print out Configuration Strings

Section 12 - Control Set Information
------------------------------------
Use the "-detail" map option to print out Control Set Information.

Section 13 - Utilization by Hierarchy
-------------------------------------
Use the "-detail" map option to print out the Utilization by Hierarchy section.
